\BOOKMARK [0][-]{chapter*.2}{Acknowledgments}{}% 1
\BOOKMARK [0][-]{chapter*.3}{Notations}{}% 2
\BOOKMARK [0][-]{chapter.1}{Week1}{}% 3
\BOOKMARK [1][-]{section.1.1}{Wednesday}{chapter.1}% 4
\BOOKMARK [2][-]{subsection.1.1.1}{Introduction to Set}{section.1.1}% 5
\BOOKMARK [1][-]{section.1.2}{Quiz}{chapter.1}% 6
\BOOKMARK [1][-]{section.1.3}{Friday}{chapter.1}% 7
\BOOKMARK [2][-]{subsection.1.3.1}{Proof of Schroder-Bernstein Theorem}{section.1.3}% 8
\BOOKMARK [2][-]{subsection.1.3.2}{Connectedness of Real Numbers}{section.1.3}% 9
\BOOKMARK [0][-]{chapter.2}{Week2}{}% 10
\BOOKMARK [1][-]{section.2.1}{Wednesday}{chapter.2}% 11
\BOOKMARK [2][-]{subsection.2.1.1}{Review and Announcement}{section.2.1}% 12
\BOOKMARK [2][-]{subsection.2.1.2}{Irrational Number Analysis}{section.2.1}% 13
\BOOKMARK [1][-]{section.2.2}{Friday}{chapter.2}% 14
\BOOKMARK [2][-]{subsection.2.2.1}{Set Analysis}{section.2.2}% 15
\BOOKMARK [2][-]{subsection.2.2.2}{Set Analysis Meets Sequence}{section.2.2}% 16
\BOOKMARK [2][-]{subsection.2.2.3}{Completeness of Real Numbers}{section.2.2}% 17
\BOOKMARK [0][-]{chapter.3}{Week3}{}% 18
\BOOKMARK [1][-]{section.3.1}{Tuesday}{chapter.3}% 19
\BOOKMARK [2][-]{subsection.3.1.1}{Application of Heine-Borel Theorem}{section.3.1}% 20
\BOOKMARK [2][-]{subsection.3.1.2}{Set Structure Analysis}{section.3.1}% 21
\BOOKMARK [2][-]{subsection.3.1.3}{Reviewing}{section.3.1}% 22
\BOOKMARK [1][-]{section.3.2}{Friday}{chapter.3}% 23
\BOOKMARK [2][-]{subsection.3.2.1}{Review}{section.3.2}% 24
\BOOKMARK [2][-]{subsection.3.2.2}{Continuity Analysis}{section.3.2}% 25
\BOOKMARK [0][-]{chapter.4}{Week4}{}% 26
\BOOKMARK [1][-]{section.4.1}{Wednesday}{chapter.4}% 27
\BOOKMARK [2][-]{subsection.4.1.1}{Function Analysis}{section.4.1}% 28
\BOOKMARK [2][-]{subsection.4.1.2}{Continuity Analysis}{section.4.1}% 29
\BOOKMARK [1][-]{section.4.2}{Friday}{chapter.4}% 30
\BOOKMARK [2][-]{subsection.4.2.1}{Continuity Analysis}{section.4.2}% 31
\BOOKMARK [2][-]{subsection.4.2.2}{Monotone Analysis}{section.4.2}% 32
\BOOKMARK [2][-]{subsection.4.2.3}{Cantor Set}{section.4.2}% 33
\BOOKMARK [0][-]{chapter.5}{Week5}{}% 34
\BOOKMARK [1][-]{section.5.1}{Wednesdays}{chapter.5}% 35
\BOOKMARK [2][-]{subsection.5.1.1}{Differentiation}{section.5.1}% 36
\BOOKMARK [2][-]{subsection.5.1.2}{Basic Rules of Differentiation}{section.5.1}% 37
\BOOKMARK [2][-]{subsection.5.1.3}{Analysis on Differential Calculus}{section.5.1}% 38
\BOOKMARK [1][-]{section.5.2}{Friday}{chapter.5}% 39
\BOOKMARK [2][-]{subsection.5.2.1}{Analysis on Derivative}{section.5.2}% 40
\BOOKMARK [2][-]{subsection.5.2.2}{Analysis on Mean-Value Theorem}{section.5.2}% 41
\BOOKMARK [1][-]{section.5.3}{Saturday: Comments on Quiz 1}{chapter.5}% 42
\BOOKMARK [2][-]{subsection.5.3.1}{First Question}{section.5.3}% 43
\BOOKMARK [2][-]{subsection.5.3.2}{Second Question}{section.5.3}% 44
\BOOKMARK [2][-]{subsection.5.3.3}{Third Question}{section.5.3}% 45
\BOOKMARK [2][-]{subsection.5.3.4}{Fourth Question}{section.5.3}% 46
\BOOKMARK [2][-]{subsection.5.3.5}{Fifth Question}{section.5.3}% 47
\BOOKMARK [2][-]{subsection.5.3.6}{Grading policy}{section.5.3}% 48
\BOOKMARK [0][-]{chapter.6}{Week6}{}% 49
\BOOKMARK [1][-]{section.6.1}{Wednesday}{chapter.6}% 50
\BOOKMARK [2][-]{subsection.6.1.1}{Reviewing}{section.6.1}% 51
\BOOKMARK [2][-]{subsection.6.1.2}{Convergence Analysis}{section.6.1}% 52
\BOOKMARK [1][-]{section.6.2}{Friday}{chapter.6}% 53
\BOOKMARK [2][-]{subsection.6.2.1}{Recap}{section.6.2}% 54
\BOOKMARK [2][-]{subsection.6.2.2}{Riemann Integration}{section.6.2}% 55
\BOOKMARK [0][-]{chapter.7}{Week7}{}% 56
\BOOKMARK [1][-]{section.7.1}{Wednesday}{chapter.7}% 57
\BOOKMARK [2][-]{subsection.7.1.1}{Integrable Analysis}{section.7.1}% 58
\BOOKMARK [2][-]{subsection.7.1.2}{Elementary Calculus Analysis}{section.7.1}% 59
\BOOKMARK [1][-]{section.7.2}{Friday}{chapter.7}% 60
\BOOKMARK [2][-]{subsection.7.2.1}{Improper Intergrals}{section.7.2}% 61
\BOOKMARK [0][-]{chapter.8}{Week8}{}% 62
\BOOKMARK [1][-]{section.8.1}{Friday}{chapter.8}% 63
\BOOKMARK [2][-]{subsection.8.1.1}{Introduction to metric space}{section.8.1}% 64
\BOOKMARK [0][-]{chapter.9}{Week9}{}% 65
\BOOKMARK [1][-]{section.9.1}{Friday}{chapter.9}% 66
\BOOKMARK [2][-]{subsection.9.1.1}{Preliminaries}{section.9.1}% 67
\BOOKMARK [2][-]{subsection.9.1.2}{Differentiation}{section.9.1}% 68
\BOOKMARK [0][-]{chapter.10}{Week10}{}% 69
\BOOKMARK [1][-]{section.10.1}{Wednesday}{chapter.10}% 70
\BOOKMARK [2][-]{subsection.10.1.1}{Preliminaries on Notations}{section.10.1}% 71
\BOOKMARK [2][-]{subsection.10.1.2}{Analysis on multi-variate differentiation}{section.10.1}% 72
\BOOKMARK [1][-]{section.10.2}{Friday}{chapter.10}% 73
\BOOKMARK [2][-]{subsection.10.2.1}{Multi-variate Taylor's Theorem}{section.10.2}% 74
\BOOKMARK [2][-]{subsection.10.2.2}{Application: Optimality Condition}{section.10.2}% 75
\BOOKMARK [0][-]{chapter.11}{Week11}{}% 76
\BOOKMARK [1][-]{section.11.1}{Wednesday}{chapter.11}% 77
\BOOKMARK [2][-]{subsection.11.1.1}{Recap}{section.11.1}% 78
\BOOKMARK [2][-]{subsection.11.1.2}{Introduction to Implicit Function Theorem}{section.11.1}% 79
\BOOKMARK [1][-]{section.11.2}{Friday}{chapter.11}% 80
\BOOKMARK [2][-]{subsection.11.2.1}{Analysis on IFT}{section.11.2}% 81
\BOOKMARK [2][-]{subsection.11.2.2}{Applications on IFT}{section.11.2}% 82
\BOOKMARK [0][-]{chapter.12}{Week12}{}% 83
\BOOKMARK [1][-]{section.12.1}{Wednesday}{chapter.12}% 84
\BOOKMARK [2][-]{subsection.12.1.1}{Recap for Rank Theorem}{section.12.1}% 85
\BOOKMARK [2][-]{subsection.12.1.2}{Functional Dependence}{section.12.1}% 86
\BOOKMARK [0][-]{chapter.13}{Week13}{}% 87
\BOOKMARK [1][-]{section.13.1}{Wednesday}{chapter.13}% 88
\BOOKMARK [2][-]{subsection.13.1.1}{Morse Lemma}{section.13.1}% 89
\BOOKMARK [2][-]{subsection.13.1.2}{Equality Constrained Problem}{section.13.1}% 90
\BOOKMARK [1][-]{section.13.2}{Friday}{chapter.13}% 91
\BOOKMARK [2][-]{subsection.13.2.1}{Analysis on Constraint Optimization}{section.13.2}% 92
\BOOKMARK [2][-]{subsection.13.2.2}{Analysis on compactness}{section.13.2}% 93
\BOOKMARK [0][-]{chapter.14}{Week14}{}% 94
\BOOKMARK [1][-]{section.14.1}{Wednesday}{chapter.14}% 95
\BOOKMARK [2][-]{subsection.14.1.1}{Analysis on Compactness}{section.14.1}% 96
