\BOOKMARK [0][-]{chapter*.2}{Acknowledgments}{}% 1
\BOOKMARK [0][-]{chapter*.3}{Notations}{}% 2
\BOOKMARK [0][-]{chapter.1}{Week1}{}% 3
\BOOKMARK [1][-]{section.1.1}{Monday}{chapter.1}% 4
\BOOKMARK [2][-]{subsection.1.1.1}{Introduction to Optimizaiton}{section.1.1}% 5
\BOOKMARK [1][-]{section.1.2}{Wednesday}{chapter.1}% 6
\BOOKMARK [2][-]{subsection.1.2.1}{Reviewing for Linear Algebra}{section.1.2}% 7
\BOOKMARK [2][-]{subsection.1.2.2}{Reviewing for Calculus}{section.1.2}% 8
\BOOKMARK [2][-]{subsection.1.2.3}{Introduction to Optimization}{section.1.2}% 9
\BOOKMARK [0][-]{chapter.2}{Week2}{}% 10
\BOOKMARK [1][-]{section.2.1}{Monday}{chapter.2}% 11
\BOOKMARK [2][-]{subsection.2.1.1}{Reviewing and Announments}{section.2.1}% 12
\BOOKMARK [2][-]{subsection.2.1.2}{Quadratic Function Case Study}{section.2.1}% 13
\BOOKMARK [1][-]{section.2.2}{Wednesday}{chapter.2}% 14
\BOOKMARK [2][-]{subsection.2.2.1}{Convex Analysis}{section.2.2}% 15
\BOOKMARK [0][-]{chapter.3}{Week3}{}% 16
\BOOKMARK [1][-]{section.3.1}{Wednesday}{chapter.3}% 17
\BOOKMARK [2][-]{subsection.3.1.1}{Convex Analysis}{section.3.1}% 18
\BOOKMARK [2][-]{subsection.3.1.2}{Iterative Method}{section.3.1}% 19
\BOOKMARK [1][-]{section.3.2}{Thursday}{chapter.3}% 20
\BOOKMARK [2][-]{subsection.3.2.1}{Announcement}{section.3.2}% 21
\BOOKMARK [2][-]{subsection.3.2.2}{Sparse Large Scale Optimization}{section.3.2}% 22
\BOOKMARK [0][-]{chapter.4}{Week4}{}% 23
\BOOKMARK [1][-]{section.4.1}{Wednesday}{chapter.4}% 24
\BOOKMARK [2][-]{subsection.4.1.1}{Comments for MATLAB Project}{section.4.1}% 25
\BOOKMARK [2][-]{subsection.4.1.2}{Local Convergence Rate}{section.4.1}% 26
\BOOKMARK [2][-]{subsection.4.1.3}{Newton's Method}{section.4.1}% 27
\BOOKMARK [2][-]{subsection.4.1.4}{Tutorial: Introduction to Convexity}{section.4.1}% 28
\BOOKMARK [0][-]{chapter.5}{Week5}{}% 29
\BOOKMARK [1][-]{section.5.1}{Monday}{chapter.5}% 30
\BOOKMARK [2][-]{subsection.5.1.1}{Review}{section.5.1}% 31
\BOOKMARK [2][-]{subsection.5.1.2}{Existence of solution to Quadratic Programming}{section.5.1}% 32
\BOOKMARK [1][-]{section.5.2}{Wednesday}{chapter.5}% 33
\BOOKMARK [2][-]{subsection.5.2.1}{Comments about Newton's Method}{section.5.2}% 34
\BOOKMARK [2][-]{subsection.5.2.2}{Constant Step-Size Analysis}{section.5.2}% 35
\BOOKMARK [0][-]{chapter.6}{Week6}{}% 36
\BOOKMARK [1][-]{section.6.1}{Monday}{chapter.6}% 37
\BOOKMARK [2][-]{subsection.6.1.1}{Announcement}{section.6.1}% 38
\BOOKMARK [2][-]{subsection.6.1.2}{Introduction to Quasi-Newton Method}{section.6.1}% 39
\BOOKMARK [2][-]{subsection.6.1.3}{Constrainted Optimization Problem}{section.6.1}% 40
\BOOKMARK [2][-]{subsection.6.1.4}{Announcement on Assignment}{section.6.1}% 41
\BOOKMARK [2][-]{subsection.6.1.5}{Introduction to Stochastic optimization}{section.6.1}% 42
\BOOKMARK [1][-]{section.6.2}{Tutorial: Monday}{chapter.6}% 43
\BOOKMARK [2][-]{subsection.6.2.1}{LP Problem}{section.6.2}% 44
\BOOKMARK [2][-]{subsection.6.2.2}{Gauss-Newton Method}{section.6.2}% 45
\BOOKMARK [2][-]{subsection.6.2.3}{Introduction to KKT and CQ}{section.6.2}% 46
\BOOKMARK [1][-]{section.6.3}{Wednesday}{chapter.6}% 47
\BOOKMARK [2][-]{subsection.6.3.1}{Review}{section.6.3}% 48
\BOOKMARK [2][-]{subsection.6.3.2}{Dual-Primal of LP}{section.6.3}% 49
\BOOKMARK [0][-]{chapter.7}{Week7}{}% 50
\BOOKMARK [1][-]{section.7.1}{Monday}{chapter.7}% 51
\BOOKMARK [2][-]{subsection.7.1.1}{Announcement}{section.7.1}% 52
\BOOKMARK [2][-]{subsection.7.1.2}{Recap about linear programming}{section.7.1}% 53
\BOOKMARK [2][-]{subsection.7.1.3}{Optimization over convex set}{section.7.1}% 54
\BOOKMARK [1][-]{section.7.2}{Wednesday}{chapter.7}% 55
\BOOKMARK [2][-]{subsection.7.2.1}{Motivation}{section.7.2}% 56
\BOOKMARK [2][-]{subsection.7.2.2}{Convex Projections}{section.7.2}% 57
\BOOKMARK [2][-]{subsection.7.2.3}{Feasible diection method}{section.7.2}% 58
\BOOKMARK [0][-]{chapter.8}{Week8}{}% 59
\BOOKMARK [1][-]{section.8.1}{Monday}{chapter.8}% 60
\BOOKMARK [2][-]{subsection.8.1.1}{Constraint optimization}{section.8.1}% 61
\BOOKMARK [2][-]{subsection.8.1.2}{Inequality Constraint Problem}{section.8.1}% 62
\BOOKMARK [1][-]{section.8.2}{Monday Tutorial: Review for CIE6010}{chapter.8}% 63
\BOOKMARK [0][-]{chapter.9}{Week9}{}% 64
\BOOKMARK [1][-]{section.9.1}{Monday}{chapter.9}% 65
\BOOKMARK [2][-]{subsection.9.1.1}{Reviewing for KKT}{section.9.1}% 66
\BOOKMARK [1][-]{section.9.2}{Monday Tutorial: Reviewing for Mid-term}{chapter.9}% 67
\BOOKMARK [0][-]{chapter.10}{Week10}{}% 68
\BOOKMARK [1][-]{section.10.1}{Monday}{chapter.10}% 69
\BOOKMARK [2][-]{subsection.10.1.1}{Duality Theory}{section.10.1}% 70
\BOOKMARK [2][-]{subsection.10.1.2}{Penalty Algorithms}{section.10.1}% 71
\BOOKMARK [1][-]{section.10.2}{Wednesday}{chapter.10}% 72
\BOOKMARK [2][-]{subsection.10.2.1}{Introduction to penalty algorithms}{section.10.2}% 73
\BOOKMARK [2][-]{subsection.10.2.2}{Convergence Analysis}{section.10.2}% 74
\BOOKMARK [0][-]{chapter.11}{Week11}{}% 75
\BOOKMARK [1][-]{section.11.1}{Monday}{chapter.11}% 76
\BOOKMARK [2][-]{subsection.11.1.1}{Equality Constraint Problem}{section.11.1}% 77
\BOOKMARK [2][-]{subsection.11.1.2}{ADMM}{section.11.1}% 78
\BOOKMARK [1][-]{section.11.2}{Wednesday}{chapter.11}% 79
\BOOKMARK [2][-]{subsection.11.2.1}{Comments on Assignment 6}{section.11.2}% 80
\BOOKMARK [2][-]{subsection.11.2.2}{Inequality Constraint Problem}{section.11.2}% 81
\BOOKMARK [2][-]{subsection.11.2.3}{Non-smooth unconstraint problem}{section.11.2}% 82
\BOOKMARK [0][-]{chapter.12}{Week12}{}% 83
\BOOKMARK [1][-]{section.12.1}{Monday}{chapter.12}% 84
\BOOKMARK [2][-]{subsection.12.1.1}{Comments on Final Project}{section.12.1}% 85
\BOOKMARK [2][-]{subsection.12.1.2}{Trust Region Method}{section.12.1}% 86
\BOOKMARK [1][-]{section.12.2}{Wednesday}{chapter.12}% 87
\BOOKMARK [2][-]{subsection.12.2.1}{Trust Region problem}{section.12.2}% 88
\BOOKMARK [0][-]{chapter.13}{Conic Programming}{}% 89
\BOOKMARK [1][-]{section.13.1}{Introduction to Formulations}{chapter.13}% 90
\BOOKMARK [1][-]{section.13.2}{Weak Duality}{chapter.13}% 91
