\BOOKMARK [0][-]{chapter*.2}{Acknowledgments}{}% 1
\BOOKMARK [0][-]{chapter*.3}{Notations}{}% 2
\BOOKMARK [0][-]{chapter.1}{Week1}{}% 3
\BOOKMARK [1][-]{section.1.1}{Monday for MAT3040}{chapter.1}% 4
\BOOKMARK [2][-]{subsection.1.1.1}{Introduction to Advanced Linear Algebra}{section.1.1}% 5
\BOOKMARK [2][-]{subsection.1.1.2}{Vector Spaces}{section.1.1}% 6
\BOOKMARK [1][-]{section.1.2}{Monday for MAT3006}{chapter.1}% 7
\BOOKMARK [2][-]{subsection.1.2.1}{Overview on uniform convergence}{section.1.2}% 8
\BOOKMARK [2][-]{subsection.1.2.2}{Introduction to MAT3006}{section.1.2}% 9
\BOOKMARK [2][-]{subsection.1.2.3}{Metric Spaces}{section.1.2}% 10
\BOOKMARK [1][-]{section.1.3}{Monday for MAT4002}{chapter.1}% 11
\BOOKMARK [2][-]{subsection.1.3.1}{Introduction to Topology}{section.1.3}% 12
\BOOKMARK [2][-]{subsection.1.3.2}{Metric Spaces}{section.1.3}% 13
\BOOKMARK [1][-]{section.1.4}{Wednesday for MAT3040}{chapter.1}% 14
\BOOKMARK [2][-]{subsection.1.4.1}{Review}{section.1.4}% 15
\BOOKMARK [2][-]{subsection.1.4.2}{Spanning Set}{section.1.4}% 16
\BOOKMARK [2][-]{subsection.1.4.3}{Linear Independence and Basis}{section.1.4}% 17
\BOOKMARK [1][-]{section.1.5}{Wednesday for MAT3006}{chapter.1}% 18
\BOOKMARK [2][-]{subsection.1.5.1}{Convergence of Sequences}{section.1.5}% 19
\BOOKMARK [2][-]{subsection.1.5.2}{Continuity}{section.1.5}% 20
\BOOKMARK [2][-]{subsection.1.5.3}{Open and Closed Sets}{section.1.5}% 21
\BOOKMARK [1][-]{section.1.6}{Wednesday for MAT4002}{chapter.1}% 22
\BOOKMARK [2][-]{subsection.1.6.1}{Forget about metric}{section.1.6}% 23
\BOOKMARK [2][-]{subsection.1.6.2}{Topological Spaces}{section.1.6}% 24
\BOOKMARK [2][-]{subsection.1.6.3}{Closed Subsets}{section.1.6}% 25
\BOOKMARK [0][-]{chapter.2}{Week2}{}% 26
\BOOKMARK [1][-]{section.2.1}{Monday for MAT3040}{chapter.2}% 27
\BOOKMARK [2][-]{subsection.2.1.1}{Basis and Dimension}{section.2.1}% 28
\BOOKMARK [2][-]{subsection.2.1.2}{Operations on a vector space}{section.2.1}% 29
\BOOKMARK [1][-]{section.2.2}{Monday for MAT3006}{chapter.2}% 30
\BOOKMARK [2][-]{subsection.2.2.1}{Remark on Open and Closed Set}{section.2.2}% 31
\BOOKMARK [2][-]{subsection.2.2.2}{Boundary, Closure, and Interior}{section.2.2}% 32
\BOOKMARK [1][-]{section.2.3}{Monday for MAT4002}{chapter.2}% 33
\BOOKMARK [2][-]{subsection.2.3.1}{Convergence in topological space}{section.2.3}% 34
\BOOKMARK [2][-]{subsection.2.3.2}{Interior, Closure, Boundary}{section.2.3}% 35
\BOOKMARK [1][-]{section.2.4}{Wednesday for MAT3040}{chapter.2}% 36
\BOOKMARK [2][-]{subsection.2.4.1}{Remark on Direct Sum}{section.2.4}% 37
\BOOKMARK [2][-]{subsection.2.4.2}{Linear Transformation}{section.2.4}% 38
\BOOKMARK [1][-]{section.2.5}{Wednesday for MAT3006}{chapter.2}% 39
\BOOKMARK [2][-]{subsection.2.5.1}{Compactness}{section.2.5}% 40
\BOOKMARK [2][-]{subsection.2.5.2}{Completeness}{section.2.5}% 41
\BOOKMARK [1][-]{section.2.6}{Wednesday for MAT4002}{chapter.2}% 42
\BOOKMARK [2][-]{subsection.2.6.1}{Remark on Closure}{section.2.6}% 43
\BOOKMARK [2][-]{subsection.2.6.2}{Functions on Topological Space}{section.2.6}% 44
\BOOKMARK [2][-]{subsection.2.6.3}{Subspace Topology}{section.2.6}% 45
\BOOKMARK [2][-]{subsection.2.6.4}{Basis \(Base\) of a topology}{section.2.6}% 46
\BOOKMARK [0][-]{chapter.3}{Week3}{}% 47
\BOOKMARK [1][-]{section.3.1}{Monday for MAT3040}{chapter.3}% 48
\BOOKMARK [2][-]{subsection.3.1.1}{Remarks on Isomorphism}{section.3.1}% 49
\BOOKMARK [2][-]{subsection.3.1.2}{Change of Basis and Matrix Representation}{section.3.1}% 50
\BOOKMARK [1][-]{section.3.2}{Monday for MAT3006}{chapter.3}% 51
\BOOKMARK [2][-]{subsection.3.2.1}{Remarks on Completeness}{section.3.2}% 52
\BOOKMARK [2][-]{subsection.3.2.2}{Contraction Mapping Theorem}{section.3.2}% 53
\BOOKMARK [2][-]{subsection.3.2.3}{Picard Lindelof Theorem}{section.3.2}% 54
\BOOKMARK [1][-]{section.3.3}{Monday for MAT4002}{chapter.3}% 55
\BOOKMARK [2][-]{subsection.3.3.1}{Remarks on Basis and Homeomorphism}{section.3.3}% 56
\BOOKMARK [2][-]{subsection.3.3.2}{Product Space}{section.3.3}% 57
\BOOKMARK [1][-]{section.3.4}{Wednesday for MAT3040}{chapter.3}% 58
\BOOKMARK [2][-]{subsection.3.4.1}{Remarks for the Change of Basis}{section.3.4}% 59
\BOOKMARK [1][-]{section.3.5}{Wednesday for MAT3006}{chapter.3}% 60
\BOOKMARK [2][-]{subsection.3.5.1}{Remarks on Contraction}{section.3.5}% 61
\BOOKMARK [2][-]{subsection.3.5.2}{Picard-Lindelof Theorem}{section.3.5}% 62
\BOOKMARK [1][-]{section.3.6}{Wednesday for MAT4002}{chapter.3}% 63
\BOOKMARK [2][-]{subsection.3.6.1}{Remarks on product space}{section.3.6}% 64
\BOOKMARK [2][-]{subsection.3.6.2}{Properties of Topological Spaces}{section.3.6}% 65
\BOOKMARK [0][-]{chapter.4}{Week4}{}% 66
\BOOKMARK [1][-]{section.4.1}{Monday for MAT3040}{chapter.4}% 67
\BOOKMARK [2][-]{subsection.4.1.1}{Quotient Spaces}{section.4.1}% 68
\BOOKMARK [2][-]{subsection.4.1.2}{First Isomorphism Theorem}{section.4.1}% 69
\BOOKMARK [1][-]{section.4.2}{Monday for MAT3006}{chapter.4}% 70
\BOOKMARK [2][-]{subsection.4.2.1}{Generalization into System of ODEs}{section.4.2}% 71
\BOOKMARK [2][-]{subsection.4.2.2}{Stone-Weierstrass Theorem}{section.4.2}% 72
\BOOKMARK [1][-]{section.4.3}{Monday for MAT4002}{chapter.4}% 73
\BOOKMARK [2][-]{subsection.4.3.1}{Hausdorffness}{section.4.3}% 74
\BOOKMARK [2][-]{subsection.4.3.2}{Connectedness}{section.4.3}% 75
\BOOKMARK [1][-]{section.4.4}{Wednesday for MAT3040}{chapter.4}% 76
\BOOKMARK [2][-]{subsection.4.4.1}{Dual Space}{section.4.4}% 77
\BOOKMARK [1][-]{section.4.5}{Wednesday for MAT3006}{chapter.4}% 78
\BOOKMARK [2][-]{subsection.4.5.1}{Stone-Weierstrass Theorem}{section.4.5}% 79
\BOOKMARK [1][-]{section.4.6}{Wednesday for MAT4002}{chapter.4}% 80
\BOOKMARK [2][-]{subsection.4.6.1}{Remark on Connectedness}{section.4.6}% 81
\BOOKMARK [2][-]{subsection.4.6.2}{Compactness}{section.4.6}% 82
\BOOKMARK [0][-]{chapter.5}{Week5}{}% 83
\BOOKMARK [1][-]{section.5.1}{Monday for MAT3040}{chapter.5}% 84
\BOOKMARK [2][-]{subsection.5.1.1}{Remarks on Dual Space}{section.5.1}% 85
\BOOKMARK [2][-]{subsection.5.1.2}{Annihilators}{section.5.1}% 86
\BOOKMARK [1][-]{section.5.2}{Monday for MAT3006}{chapter.5}% 87
\BOOKMARK [2][-]{subsection.5.2.1}{Stone-Weierstrass Theorem in C}{section.5.2}% 88
\BOOKMARK [2][-]{subsection.5.2.2}{Baire Category Theorem}{section.5.2}% 89
\BOOKMARK [1][-]{section.5.3}{Monday for MAT4002}{chapter.5}% 90
\BOOKMARK [2][-]{subsection.5.3.1}{Continuous Functions on Compact Space}{section.5.3}% 91
\BOOKMARK [1][-]{section.5.4}{Wednesday for MAT3040}{chapter.5}% 92
\BOOKMARK [2][-]{subsection.5.4.1}{Adjoint Map}{section.5.4}% 93
\BOOKMARK [2][-]{subsection.5.4.2}{Relationship between Annihilator and dual of quotient spaces}{section.5.4}% 94
\BOOKMARK [1][-]{section.5.5}{Wednesday for MAT3006}{chapter.5}% 95
\BOOKMARK [2][-]{subsection.5.5.1}{Remarks on Baire Category Theorem}{section.5.5}% 96
\BOOKMARK [2][-]{subsection.5.5.2}{Compact subsets of C[a,b]}{section.5.5}% 97
\BOOKMARK [1][-]{section.5.6}{Wednesday for MAT4002}{chapter.5}% 98
\BOOKMARK [2][-]{subsection.5.6.1}{Remarks on Compactness}{section.5.6}% 99
\BOOKMARK [2][-]{subsection.5.6.2}{Quotient Spaces}{section.5.6}% 100
\BOOKMARK [0][-]{chapter.6}{Week6}{}% 101
\BOOKMARK [1][-]{section.6.1}{Monday for MAT3040}{chapter.6}% 102
\BOOKMARK [2][-]{subsection.6.1.1}{Polynomials}{section.6.1}% 103
\BOOKMARK [1][-]{section.6.2}{Monday for MAT3006}{chapter.6}% 104
\BOOKMARK [2][-]{subsection.6.2.1}{Compactness in Functional Space}{section.6.2}% 105
\BOOKMARK [2][-]{subsection.6.2.2}{An Application of Ascoli-Arzela Theorem}{section.6.2}% 106
\BOOKMARK [1][-]{section.6.3}{Monday for MAT4002}{chapter.6}% 107
\BOOKMARK [2][-]{subsection.6.3.1}{Quotient Topology}{section.6.3}% 108
\BOOKMARK [2][-]{subsection.6.3.2}{Properties in quotient spaces}{section.6.3}% 109
\BOOKMARK [1][-]{section.6.4}{Wednesday for MAT3040}{chapter.6}% 110
\BOOKMARK [2][-]{subsection.6.4.1}{Eigenvalues \046 Eigenvectors}{section.6.4}% 111
\BOOKMARK [1][-]{section.6.5}{Wednesday for MAT4002}{chapter.6}% 112
\BOOKMARK [2][-]{subsection.6.5.1}{Remarks on Compactness}{section.6.5}% 113
\BOOKMARK [0][-]{chapter.7}{Week7}{}% 114
\BOOKMARK [1][-]{section.7.1}{Monday for MAT3040}{chapter.7}% 115
\BOOKMARK [2][-]{subsection.7.1.1}{Minimal Polynomial}{section.7.1}% 116
\BOOKMARK [2][-]{subsection.7.1.2}{Minimal Polynomial of a vector}{section.7.1}% 117
\BOOKMARK [1][-]{section.7.2}{Monday for MAT3006}{chapter.7}% 118
\BOOKMARK [2][-]{subsection.7.2.1}{Remarks on the outer measure}{section.7.2}% 119
\BOOKMARK [1][-]{section.7.3}{Monday for MAT4002}{chapter.7}% 120
\BOOKMARK [2][-]{subsection.7.3.1}{Quotient Map}{section.7.3}% 121
\BOOKMARK [2][-]{subsection.7.3.2}{Simplicial Complex}{section.7.3}% 122
\BOOKMARK [1][-]{section.7.4}{Wednesday for MAT3040}{chapter.7}% 123
\BOOKMARK [2][-]{subsection.7.4.1}{Cayley-Hamiton Theorem}{section.7.4}% 124
\BOOKMARK [1][-]{section.7.5}{Wednesday for MAT4002}{chapter.7}% 125
\BOOKMARK [2][-]{subsection.7.5.1}{Remarks on Triangulation}{section.7.5}% 126
\BOOKMARK [2][-]{subsection.7.5.2}{Simplicial Subcomplex}{section.7.5}% 127
\BOOKMARK [2][-]{subsection.7.5.3}{Some properties of simplicial complex}{section.7.5}% 128
\BOOKMARK [0][-]{chapter.8}{Week8}{}% 129
\BOOKMARK [1][-]{section.8.1}{Monday for MAT3040}{chapter.8}% 130
\BOOKMARK [2][-]{subsection.8.1.1}{Cayley-Hamiton Theorem}{section.8.1}% 131
\BOOKMARK [2][-]{subsection.8.1.2}{Primary Decomposition Theorem}{section.8.1}% 132
\BOOKMARK [1][-]{section.8.2}{Monday for MAT3006}{chapter.8}% 133
\BOOKMARK [2][-]{subsection.8.2.1}{Remarks for Outer Measure}{section.8.2}% 134
\BOOKMARK [2][-]{subsection.8.2.2}{Lebesgue Measurable}{section.8.2}% 135
\BOOKMARK [1][-]{section.8.3}{Monday for MAT4002}{chapter.8}% 136
\BOOKMARK [2][-]{subsection.8.3.1}{Quotient Map}{section.8.3}% 137
\BOOKMARK [2][-]{subsection.8.3.2}{Simplicial Complex}{section.8.3}% 138
\BOOKMARK [1][-]{section.8.4}{Wednesday for MAT3006}{chapter.8}% 139
\BOOKMARK [2][-]{subsection.8.4.1}{Remarks on Lebesgue Measurability}{section.8.4}% 140
\BOOKMARK [2][-]{subsection.8.4.2}{Measures In Probability Theory}{section.8.4}% 141
\BOOKMARK [1][-]{section.8.5}{Wednesday for MAT4002}{chapter.8}% 142
\BOOKMARK [2][-]{subsection.8.5.1}{Homotopy}{section.8.5}% 143
\BOOKMARK [0][-]{chapter.9}{Week9}{}% 144
\BOOKMARK [1][-]{section.9.1}{Monday for MAT3040}{chapter.9}% 145
\BOOKMARK [2][-]{subsection.9.1.1}{Remarks on Primary Decomposition Theorem}{section.9.1}% 146
\BOOKMARK [1][-]{section.9.2}{Monday for MAT3006}{chapter.9}% 147
\BOOKMARK [2][-]{subsection.9.2.1}{Measurable Functions}{section.9.2}% 148
\BOOKMARK [1][-]{section.9.3}{Monday for MAT4002}{chapter.9}% 149
\BOOKMARK [2][-]{subsection.9.3.1}{Remarks on Homotopy}{section.9.3}% 150
\BOOKMARK [1][-]{section.9.4}{Wednesday for MAT3040}{chapter.9}% 151
\BOOKMARK [2][-]{subsection.9.4.1}{Jordan Normal Form}{section.9.4}% 152
\BOOKMARK [2][-]{subsection.9.4.2}{Inner Product Spaces}{section.9.4}% 153
\BOOKMARK [1][-]{section.9.5}{Wednesday for MAT3006}{chapter.9}% 154
\BOOKMARK [2][-]{subsection.9.5.1}{Remarks on Measurable function}{section.9.5}% 155
\BOOKMARK [2][-]{subsection.9.5.2}{Lebesgue Integration}{section.9.5}% 156
\BOOKMARK [1][-]{section.9.6}{Wednesday for MAT4002}{chapter.9}% 157
\BOOKMARK [2][-]{subsection.9.6.1}{Simplicial Approximation Theorem}{section.9.6}% 158
\BOOKMARK [0][-]{chapter.10}{Week10}{}% 159
\BOOKMARK [1][-]{section.10.1}{Monday for MAT3040}{chapter.10}% 160
\BOOKMARK [2][-]{subsection.10.1.1}{Inner Product Space}{section.10.1}% 161
\BOOKMARK [2][-]{subsection.10.1.2}{Dual spaces}{section.10.1}% 162
\BOOKMARK [1][-]{section.10.2}{Monday for MAT3006}{chapter.10}% 163
\BOOKMARK [2][-]{subsection.10.2.1}{Remarks on Markov Inequality}{section.10.2}% 164
\BOOKMARK [2][-]{subsection.10.2.2}{Properties of Lebesgue Integration}{section.10.2}% 165
\BOOKMARK [1][-]{section.10.3}{Monday for MAT4002}{chapter.10}% 166
\BOOKMARK [2][-]{subsection.10.3.1}{Group Presentations}{section.10.3}% 167
\BOOKMARK [1][-]{section.10.4}{Wednesday for MAT3040}{chapter.10}% 168
\BOOKMARK [2][-]{subsection.10.4.1}{Orthogonal Complement}{section.10.4}% 169
\BOOKMARK [2][-]{subsection.10.4.2}{Adjoint Map}{section.10.4}% 170
\BOOKMARK [1][-]{section.10.5}{Wednesday for MAT3006}{chapter.10}% 171
\BOOKMARK [2][-]{subsection.10.5.1}{Consequences of MCT}{section.10.5}% 172
\BOOKMARK [1][-]{section.10.6}{Wednesday for MAT4002}{chapter.10}% 173
\BOOKMARK [2][-]{subsection.10.6.1}{Reviewing On Groups}{section.10.6}% 174
\BOOKMARK [2][-]{subsection.10.6.2}{Free Groups}{section.10.6}% 175
\BOOKMARK [2][-]{subsection.10.6.3}{Relations on Free Groups}{section.10.6}% 176
\BOOKMARK [0][-]{chapter.11}{Week11}{}% 177
\BOOKMARK [1][-]{section.11.1}{Monday for MAT3040}{chapter.11}% 178
\BOOKMARK [2][-]{subsection.11.1.1}{Self-Adjoint Operator}{section.11.1}% 179
\BOOKMARK [2][-]{subsection.11.1.2}{Orthononal/Unitary Operators}{section.11.1}% 180
\BOOKMARK [1][-]{section.11.2}{Monday for MAT3006}{chapter.11}% 181
\BOOKMARK [2][-]{subsection.11.2.1}{Consequences of MCT I}{section.11.2}% 182
\BOOKMARK [2][-]{subsection.11.2.2}{MCT II}{section.11.2}% 183
\BOOKMARK [1][-]{section.11.3}{Monday for MAT4002}{chapter.11}% 184
\BOOKMARK [2][-]{subsection.11.3.1}{Cayley Graph for finitely presented groups}{section.11.3}% 185
\BOOKMARK [2][-]{subsection.11.3.2}{Fundamental Group}{section.11.3}% 186
\BOOKMARK [1][-]{section.11.4}{Wednesday for MAT3040}{chapter.11}% 187
\BOOKMARK [2][-]{subsection.11.4.1}{Unitary Operator}{section.11.4}% 188
\BOOKMARK [2][-]{subsection.11.4.2}{Normal Operators}{section.11.4}% 189
\BOOKMARK [1][-]{section.11.5}{Wednesday for MAT3006}{chapter.11}% 190
\BOOKMARK [2][-]{subsection.11.5.1}{Properties of Lebesgue Integrable Functions}{section.11.5}% 191
\BOOKMARK [1][-]{section.11.6}{Wednesday for MAT4002}{chapter.11}% 192
\BOOKMARK [2][-]{subsection.11.6.1}{The fundamental group}{section.11.6}% 193
\BOOKMARK [0][-]{chapter.12}{Week12}{}% 194
\BOOKMARK [1][-]{section.12.1}{Monday for MAT3040}{chapter.12}% 195
\BOOKMARK [2][-]{subsection.12.1.1}{Remarks on Normal Operator}{section.12.1}% 196
\BOOKMARK [2][-]{subsection.12.1.2}{Tensor Product}{section.12.1}% 197
\BOOKMARK [1][-]{section.12.2}{Monday for MAT3006}{chapter.12}% 198
\BOOKMARK [2][-]{subsection.12.2.1}{Remarks on MCT}{section.12.2}% 199
\BOOKMARK [2][-]{subsection.12.2.2}{Dominated Convergence Theorem}{section.12.2}% 200
\BOOKMARK [1][-]{section.12.3}{Monday for MAT4002}{chapter.12}% 201
\BOOKMARK [2][-]{subsection.12.3.1}{Some basic results on 1\(X,b\)}{section.12.3}% 202
\BOOKMARK [1][-]{section.12.4}{Wednesday for MAT3040}{chapter.12}% 203
\BOOKMARK [2][-]{subsection.12.4.1}{Introduction to Tensor Product}{section.12.4}% 204
\BOOKMARK [1][-]{section.12.5}{Wednesday for MAT3006}{chapter.12}% 205
\BOOKMARK [2][-]{subsection.12.5.1}{Riemann Integration \046 Lebesgue Integration}{section.12.5}% 206
\BOOKMARK [2][-]{subsection.12.5.2}{Continuous Parameter DCT}{section.12.5}% 207
\BOOKMARK [1][-]{section.12.6}{Wednesday for MAT4002}{chapter.12}% 208
\BOOKMARK [2][-]{subsection.12.6.1}{Groups \046 Simplicial Complices}{section.12.6}% 209
\BOOKMARK [0][-]{chapter.13}{Week13}{}% 210
\BOOKMARK [1][-]{section.13.1}{Monday for MAT3040}{chapter.13}% 211
\BOOKMARK [2][-]{subsection.13.1.1}{Basis of VW}{section.13.1}% 212
\BOOKMARK [2][-]{subsection.13.1.2}{Tensor Product of Linear Transformation}{section.13.1}% 213
\BOOKMARK [1][-]{section.13.2}{Monday for MAT3006}{chapter.13}% 214
\BOOKMARK [2][-]{subsection.13.2.1}{Double Integral}{section.13.2}% 215
\BOOKMARK [1][-]{section.13.3}{Monday for MAT4002}{chapter.13}% 216
\BOOKMARK [2][-]{subsection.13.3.1}{Isomorphsim between Edge Loop Group and the Fundamental Group}{section.13.3}% 217
\BOOKMARK [1][-]{section.13.4}{Wednesday for MAT3040}{chapter.13}% 218
\BOOKMARK [2][-]{subsection.13.4.1}{Tensor Product for Linear Transformations}{section.13.4}% 219
\BOOKMARK [1][-]{section.13.5}{Wednesday for MAT3006}{chapter.13}% 220
\BOOKMARK [2][-]{subsection.13.5.1}{Fubini's and Tonell's Theorem}{section.13.5}% 221
\BOOKMARK [1][-]{section.13.6}{Wednesday for MAT4002}{chapter.13}% 222
\BOOKMARK [2][-]{subsection.13.6.1}{Applications on the isomorphism of fundamental group}{section.13.6}% 223
\BOOKMARK [0][-]{chapter.14}{Week14}{}% 224
\BOOKMARK [1][-]{section.14.1}{Monday for MAT3040}{chapter.14}% 225
\BOOKMARK [2][-]{subsection.14.1.1}{Multilinear Tensor Product}{section.14.1}% 226
\BOOKMARK [2][-]{subsection.14.1.2}{Exterior Power}{section.14.1}% 227
\BOOKMARK [1][-]{section.14.2}{Monday for MAT3006}{chapter.14}% 228
\BOOKMARK [2][-]{subsection.14.2.1}{Tonelli's and Fubini's Theorem}{section.14.2}% 229
\BOOKMARK [1][-]{section.14.3}{Monday for MAT4002}{chapter.14}% 230
\BOOKMARK [2][-]{subsection.14.3.1}{Fundamental group of a Graph}{section.14.3}% 231
\BOOKMARK [0][-]{chapter.15}{Week15}{}% 232
\BOOKMARK [1][-]{section.15.1}{Monday for MAT3040}{chapter.15}% 233
\BOOKMARK [2][-]{subsection.15.1.1}{More on Exterior Power}{section.15.1}% 234
\BOOKMARK [2][-]{subsection.15.1.2}{Determinant}{section.15.1}% 235
\BOOKMARK [1][-]{section.15.2}{Monday for MAT3006}{chapter.15}% 236
\BOOKMARK [2][-]{subsection.15.2.1}{Applications on the Tonell's and Fubini's Theorem}{section.15.2}% 237
\BOOKMARK [2][-]{subsection.15.2.2}{Final Review}{section.15.2}% 238
\BOOKMARK [1][-]{section.15.3}{Monday for MAT4002}{chapter.15}% 239
\BOOKMARK [2][-]{subsection.15.3.1}{The Selfert-Van Kampen Theorem}{section.15.3}% 240
