\BOOKMARK [0][-]{chapter*.2}{Acknowledgments}{}% 1
\BOOKMARK [0][-]{chapter*.3}{Notations}{}% 2
\BOOKMARK [0][-]{chapter.1}{Week1}{}% 3
\BOOKMARK [1][-]{section.1.1}{Tuesday}{chapter.1}% 4
\BOOKMARK [2][-]{subsection.1.1.1}{Difference between ODE and SDE}{section.1.1}% 5
\BOOKMARK [2][-]{subsection.1.1.2}{Applications of SDE}{section.1.1}% 6
\BOOKMARK [2][-]{subsection.1.1.3}{Reviewing for Probability Space}{section.1.1}% 7
\BOOKMARK [1][-]{section.1.2}{Thursday}{chapter.1}% 8
\BOOKMARK [2][-]{subsection.1.2.1}{More on Probability Theory}{section.1.2}% 9
\BOOKMARK [2][-]{subsection.1.2.2}{Stochastic Process}{section.1.2}% 10
\BOOKMARK [0][-]{chapter.2}{Week2}{}% 11
\BOOKMARK [1][-]{section.2.1}{Tuesday}{chapter.2}% 12
\BOOKMARK [2][-]{subsection.2.1.1}{More on Stochastic Process}{section.2.1}% 13
\BOOKMARK [2][-]{subsection.2.1.2}{Conditional Expectation}{section.2.1}% 14
\BOOKMARK [2][-]{subsection.2.1.3}{Tips about Probability Theory}{section.2.1}% 15
\BOOKMARK [2][-]{subsection.2.1.4}{Reviewing on Real Analysis}{section.2.1}% 16
\BOOKMARK [1][-]{section.2.2}{Thursday}{chapter.2}% 17
\BOOKMARK [2][-]{subsection.2.2.1}{Uniform Integrability}{section.2.2}% 18
\BOOKMARK [0][-]{chapter.3}{Week3}{}% 19
\BOOKMARK [1][-]{section.3.1}{Tuesday}{chapter.3}% 20
\BOOKMARK [2][-]{subsection.3.1.1}{Reviewing}{section.3.1}% 21
\BOOKMARK [2][-]{subsection.3.1.2}{Necessary and Sufficient Conditions for UI}{section.3.1}% 22
\BOOKMARK [2][-]{subsection.3.1.3}{Convergence of random variables}{section.3.1}% 23
\BOOKMARK [2][-]{subsection.3.1.4}{Martingales in Discrete Time}{section.3.1}% 24
\BOOKMARK [1][-]{section.3.2}{Thursday}{chapter.3}% 25
\BOOKMARK [2][-]{subsection.3.2.1}{Stopping Time}{section.3.2}% 26
\BOOKMARK [0][-]{chapter.4}{Week4}{}% 27
\BOOKMARK [1][-]{section.4.1}{Tuesday}{chapter.4}% 28
\BOOKMARK [2][-]{subsection.4.1.1}{Martingales in Discrete Time}{section.4.1}% 29
\BOOKMARK [2][-]{subsection.4.1.2}{Doob's Inequalities}{section.4.1}% 30
\BOOKMARK [1][-]{section.4.2}{Thursday}{chapter.4}% 31
\BOOKMARK [2][-]{subsection.4.2.1}{Doob's Maximal Inequality}{section.4.2}% 32
\BOOKMARK [0][-]{chapter.5}{Week5}{}% 33
\BOOKMARK [1][-]{section.5.1}{Tuesday}{chapter.5}% 34
\BOOKMARK [2][-]{subsection.5.1.1}{Convergence of Martingales}{section.5.1}% 35
\BOOKMARK [2][-]{subsection.5.1.2}{Continuous-time Martingales}{section.5.1}% 36
\BOOKMARK [1][-]{section.5.2}{Thursday}{chapter.5}% 37
\BOOKMARK [2][-]{subsection.5.2.1}{Theorems for Continuous Time Martingales}{section.5.2}% 38
\BOOKMARK [0][-]{chapter.6}{Week6}{}% 39
\BOOKMARK [1][-]{section.6.1}{Tuesday}{chapter.6}% 40
\BOOKMARK [2][-]{subsection.6.1.1}{Localization}{section.6.1}% 41
\BOOKMARK [2][-]{subsection.6.1.2}{Introduction to Brownian Motion}{section.6.1}% 42
\BOOKMARK [1][-]{section.6.2}{Thursday}{chapter.6}% 43
\BOOKMARK [2][-]{subsection.6.2.1}{Properties of Brownian Motion}{section.6.2}% 44
\BOOKMARK [0][-]{chapter.7}{Week7}{}% 45
\BOOKMARK [1][-]{section.7.1}{Tuesday}{chapter.7}% 46
\BOOKMARK [2][-]{subsection.7.1.1}{Reflection Principle}{section.7.1}% 47
\BOOKMARK [2][-]{subsection.7.1.2}{Distributions of Brownian Motion}{section.7.1}% 48
\BOOKMARK [1][-]{section.7.2}{Thursday}{chapter.7}% 49
\BOOKMARK [2][-]{subsection.7.2.1}{Unbounded Variation of Brownian Motion}{section.7.2}% 50
\BOOKMARK [0][-]{chapter.8}{Weak 8}{}% 51
\BOOKMARK [1][-]{section.8.1}{Thursday}{chapter.8}% 52
\BOOKMARK [2][-]{subsection.8.1.1}{Quadratic Variation}{section.8.1}% 53
\BOOKMARK [0][-]{chapter.9}{Week9}{}% 54
\BOOKMARK [1][-]{section.9.1}{Tuesday}{chapter.9}% 55
\BOOKMARK [2][-]{subsection.9.1.1}{Introduction to Ito Calculus}{section.9.1}% 56
\BOOKMARK [1][-]{section.9.2}{Thursday}{chapter.9}% 57
\BOOKMARK [2][-]{subsection.9.2.1}{Approxiation by simple processes}{section.9.2}% 58
\BOOKMARK [0][-]{chapter.10}{Week10}{}% 59
\BOOKMARK [1][-]{section.10.1}{Tuesday}{chapter.10}% 60
\BOOKMARK [2][-]{subsection.10.1.1}{Square Integrable Process}{section.10.1}% 61
\BOOKMARK [1][-]{section.10.2}{Thursday}{chapter.10}% 62
\BOOKMARK [2][-]{subsection.10.2.1}{Introduction to Ito Integral}{section.10.2}% 63
\BOOKMARK [2][-]{subsection.10.2.2}{Properties of Ito Integral}{section.10.2}% 64
\BOOKMARK [0][-]{chapter.11}{Week11}{}% 65
\BOOKMARK [1][-]{section.11.1}{Tuesday}{chapter.11}% 66
\BOOKMARK [2][-]{subsection.11.1.1}{Quadratic Variation of Ito Integral}{section.11.1}% 67
\BOOKMARK [1][-]{section.11.2}{Thursday}{chapter.11}% 68
\BOOKMARK [2][-]{subsection.11.2.1}{Quadratic Covariation}{section.11.2}% 69
\BOOKMARK [2][-]{subsection.11.2.2}{Ito Integral for General Processes}{section.11.2}% 70
\BOOKMARK [0][-]{chapter.12}{Week12}{}% 71
\BOOKMARK [1][-]{section.12.1}{Tuesday}{chapter.12}% 72
\BOOKMARK [2][-]{subsection.12.1.1}{Ito's Formula}{section.12.1}% 73
\BOOKMARK [2][-]{subsection.12.1.2}{Applications of Ito's Formula}{section.12.1}% 74
\BOOKMARK [1][-]{section.12.2}{Thursday}{chapter.12}% 75
\BOOKMARK [2][-]{subsection.12.2.1}{Introduction to SDE}{section.12.2}% 76
\BOOKMARK [0][-]{chapter.13}{Week13}{}% 77
\BOOKMARK [1][-]{section.13.1}{Thursday}{chapter.13}% 78
\BOOKMARK [2][-]{subsection.13.1.1}{Fundamental Theorems in SDE}{section.13.1}% 79
